<?xml version="1.0" encoding="UTF-8"?>
<!-- Generated by org.testng.reporters.JUnitXMLReporter -->
<testsuite ignored="2" hostname="DESKTOP-V0PE4ET" failures="0" tests="0" name="Logging" time="0.132" errors="0" timestamp="2023-02-15T22:14:08 IST">
  <testcase classname="com.TN.Test.LoginTest" name="verifyLoggingWithInValidEmailAndValidPasswod" time="0.0">
    <ignored/>
  </testcase> <!-- verifyLoggingWithInValidEmailAndValidPasswod -->
  <testcase classname="com.TN.Test.LoginTest" name="verifyLoggingWithValidCredentails" time="0.0">
    <ignored/>
  </testcase> <!-- verifyLoggingWithValidCredentails -->
</testsuite> <!-- Logging -->
