<?xml version="1.0" encoding="UTF-8"?>
<!-- Generated by org.testng.reporters.JUnitXMLReporter -->
<testsuite ignored="2" hostname="DESKTOP-V0PE4ET" failures="1" tests="3" name="LoginTesting" time="51.146" errors="0" timestamp="2023-02-14T12:27:11 IST">
  <testcase classname="com.TN.Test.LoginTest" name="verifyLoggingWithValidCredentails" time="3.271"/>
  <testcase classname="com.TN.Test.RegisterTest" name="verifyRegisteringAnAccountWithMandatoryFields" time="3.723"/>
  <testcase classname="com.TN.Test.RegisterTest" name="verifyRegisteringAnAccountWithAllFields" time="3.626">
    <failure type="java.lang.AssertionError" message="expected [ABCMy Account] but found [My Account]">
      <![CDATA[java.lang.AssertionError: expected [ABCMy Account] but found [My Account]
at com.TN.Test.RegisterTest.verifyRegisteringAnAccountWithAllFields(RegisterTest.java:82)
at java.base/java.util.ArrayList.forEach(ArrayList.java:1511)
... Removed 33 stack frames]]>
    </failure>
  </testcase> <!-- verifyRegisteringAnAccountWithAllFields -->
  <testcase classname="com.TN.Bases.Base" name="@BeforeTest generateHtmlReport" time="0.0">
    <ignored/>
  </testcase> <!-- @BeforeTest generateHtmlReport -->
  <testcase classname="com.TN.Bases.Base" name="@AfterTest flushing" time="0.0">
    <ignored/>
  </testcase> <!-- @AfterTest flushing -->
</testsuite> <!-- LoginTesting -->
