<?xml version="1.0" encoding="UTF-8"?>
<!-- Generated by org.testng.reporters.JUnitXMLReporter -->
<testsuite ignored="0" hostname="DESKTOP-V0PE4ET" failures="0" tests="2" name="RegisterTesting" time="13.467" errors="0" timestamp="2023-02-14T10:46:57 IST">
  <testcase classname="com.TN.Test.RegisterTest" name="verifyRegisteringAnAccountWithMandatoryFields" time="3.842"/>
  <testcase classname="com.TN.Test.RegisterTest" name="verifyRegisteringAnAccountWithAllFields" time="0.0">
    <skipped/>
  </testcase> <!-- verifyRegisteringAnAccountWithAllFields -->
</testsuite> <!-- RegisterTesting -->
