<?xml version="1.0" encoding="UTF-8"?>
<!-- Generated by org.testng.reporters.JUnitXMLReporter -->
<testsuite ignored="1" hostname="DESKTOP-V0PE4ET" failures="1" tests="2" name="Registering" time="34.24" errors="0" timestamp="2023-02-15T19:53:48 IST">
  <testcase classname="com.TN.Test.LoginTest" name="verifyLoggingWithValidCredentails" time="10.098">
    <failure type="java.lang.AssertionError" message="expected [ABCLogout] but found [Logout]">
      <![CDATA[java.lang.AssertionError: expected [ABCLogout] but found [Logout]
at com.TN.Test.LoginTest.verifyLoggingWithValidCredentails(LoginTest.java:36)
at java.base/java.util.ArrayList.forEach(ArrayList.java:1511)
... Removed 33 stack frames]]>
    </failure>
  </testcase> <!-- verifyLoggingWithValidCredentails -->
  <testcase classname="com.TN.Test.LoginTest" name="verifyLoggingWithInValidEmailAndValidPasswod" time="1.591"/>
  <testcase classname="com.TN.Test.LoginTest" name="verifyLoggingWithInValidCredentials" time="0.0">
    <ignored/>
  </testcase> <!-- verifyLoggingWithInValidCredentials -->
</testsuite> <!-- Registering -->
