<?xml version="1.0" encoding="UTF-8"?>
<!-- Generated by org.testng.reporters.JUnitXMLReporter -->
<testsuite ignored="0" hostname="DESKTOP-V0PE4ET" failures="1" tests="7" name="TestThree" time="93.926" errors="0" timestamp="2023-02-10T13:04:57 IST">
  <testcase classname="com.TN.Test.LoginTest" name="verifyLoggingWithValidCredentails" time="0.537">
    <failure type="java.lang.IllegalArgumentException" message="Keys to send should be a not null CharSequence">
      <![CDATA[java.lang.IllegalArgumentException: Keys to send should be a not null CharSequence
at org.openqa.selenium.remote.RemoteWebElement.sendKeys(RemoteWebElement.java:98)
at com.TN.Object.LoginPage.enterEmail(LoginPage.java:24)
at com.TN.Test.LoginTest.verifyLoggingWithValidCredentails(LoginTest.java:20)
at java.base/java.util.ArrayList.forEach(ArrayList.java:1511)
... Removed 27 stack frames]]>
    </failure>
  </testcase> <!-- verifyLoggingWithValidCredentails -->
  <testcase classname="com.TN.Test.LoginTest" name="verifyLoggingWithInValidCredentials" time="1.676"/>
  <testcase classname="com.TN.Test.LoginTest" name="verifyLoggingWithInValidEmailAndValidPasswod" time="1.42"/>
  <testcase classname="com.TN.Test.LoginTest" name="verifyLoggingWithValidEmailAndInValidPasswod" time="1.415"/>
  <testcase classname="com.TN.Test.LoginTest" name="verifyLoggingWithoutCredentials" time="1.462"/>
  <testcase classname="com.TN.Test.LoginTest" name="verifyForgottenPasswordLinkAvailableAndWorking" time="0.836"/>
  <testcase classname="com.TN.Test.LoginTest" name="verifyPlaceHolderAvailableOnEmailAndPasswordFields" time="0.607"/>
</testsuite> <!-- TestThree -->
