<?xml version="1.0" encoding="UTF-8"?>
<!-- Generated by org.testng.reporters.JUnitXMLReporter -->
<testsuite ignored="0" hostname="DESKTOP-V0PE4ET" failures="1" tests="7" name="TestTwo" time="292.877" errors="0" timestamp="2023-02-10T13:03:23 IST">
  <testcase classname="com.TN.Test.LoginTest" name="verifyLoggingWithValidCredentails" time="4.033">
    <failure type="java.lang.IllegalArgumentException" message="Keys to send should be a not null CharSequence">
      <![CDATA[java.lang.IllegalArgumentException: Keys to send should be a not null CharSequence
at org.openqa.selenium.remote.RemoteWebElement.sendKeys(RemoteWebElement.java:98)
at com.TN.Object.LoginPage.enterEmail(LoginPage.java:24)
at com.TN.Test.LoginTest.verifyLoggingWithValidCredentails(LoginTest.java:20)
at java.base/java.util.ArrayList.forEach(ArrayList.java:1511)
... Removed 27 stack frames]]>
    </failure>
  </testcase> <!-- verifyLoggingWithValidCredentails -->
  <testcase classname="com.TN.Test.LoginTest" name="verifyLoggingWithInValidCredentials" time="4.976"/>
  <testcase classname="com.TN.Test.LoginTest" name="verifyLoggingWithInValidEmailAndValidPasswod" time="7.607"/>
  <testcase classname="com.TN.Test.LoginTest" name="verifyLoggingWithValidEmailAndInValidPasswod" time="6.713"/>
  <testcase classname="com.TN.Test.LoginTest" name="verifyLoggingWithoutCredentials" time="1.431"/>
  <testcase classname="com.TN.Test.LoginTest" name="verifyForgottenPasswordLinkAvailableAndWorking" time="1.404"/>
  <testcase classname="com.TN.Test.LoginTest" name="verifyPlaceHolderAvailableOnEmailAndPasswordFields" time="0.908"/>
</testsuite> <!-- TestTwo -->
