<?xml version="1.0" encoding="UTF-8"?>
<testsuite hostname="DESKTOP-V0PE4ET" name="com.TN.Test.LoginTest" tests="7" failures="0" timestamp="17 Feb 2023 16:00:56 GMT" time="108.143" errors="0">
  <testcase name="verifyLoggingWithValidCredentails" time="2.88" classname="com.TN.Test.LoginTest"/>
  <testcase name="verifyLoggingWithInValidCredentials" time="1.749" classname="com.TN.Test.LoginTest"/>
  <testcase name="verifyLoggingWithInValidEmailAndValidPasswod" time="2.836" classname="com.TN.Test.LoginTest"/>
  <testcase name="verifyLoggingWithValidEmailAndInValidPasswod" time="1.691" classname="com.TN.Test.LoginTest"/>
  <testcase name="verifyLoggingWithoutCredentials" time="1.306" classname="com.TN.Test.LoginTest"/>
  <testcase name="verifyForgottenPasswordLinkAvailableAndWorking" time="1.157" classname="com.TN.Test.LoginTest"/>
  <testcase name="verifyPlaceHolderAvailableOnEmailAndPasswordFields" time="1.166" classname="com.TN.Test.LoginTest"/>
</testsuite>
